-------------------------------------------------------------------------------
Test set: com.yupi.usercenter.service.UserServiceTest
-------------------------------------------------------------------------------
Tests run: 5, Failures: 0, Errors: 1, Skipped: 0, Time elapsed: 4.683 s <<< FAILURE! - in com.yupi.usercenter.service.UserServiceTest
userRegister  Time elapsed: 0.033 s  <<< ERROR!
com.yupi.usercenter.exception.BusinessException: 请求参数错误
	at com.yupi.usercenter.service.UserServiceTest.userRegister(UserServiceTest.java:91)

